<?xml version="1.0" encoding="UTF-8"?>
<!-- Generated by org.testng.reporters.JUnitXMLReporter -->
<testsuite ignored="4" hostname="DESKTOP-LN74GU8" failures="0" tests="2" name="Test" time="60.6" errors="0" timestamp="2022-02-01T16:16:31 IST">
  <testcase classname="com.vtiger.comcast.organizationtest.OrganizationTest" name="CreateOrganizationTest" time="17.808"/>
  <testcase classname="com.vtiger.comcast.contactstest.ContactTest" name="creatContactTest" time="16.896"/>
  <testcase classname="com.vtiger.comcast.contactstest.ContactTest" name="creatContactWithOrgTest" time="0.0">
    <ignored/>
  </testcase> <!-- creatContactWithOrgTest -->
  <testcase classname="com.vtiger.comcast.genericLibrary.BaseAnnotationClass" name="@AfterSuite configAS" time="0.0">
    <ignored/>
  </testcase> <!-- @AfterSuite configAS -->
  <testcase classname="com.vtiger.comcast.genericLibrary.BaseAnnotationClass" name="@BeforeSuite configBS" time="0.0">
    <ignored/>
  </testcase> <!-- @BeforeSuite configBS -->
  <testcase classname="com.vtiger.comcast.organizationtest.OrganizationTest" name="CreatOrgWithIndustryTest" time="0.0">
    <ignored/>
  </testcase> <!-- CreatOrgWithIndustryTest -->
</testsuite> <!-- Test -->
