<?xml version="1.0" encoding="UTF-8"?>
<!-- Generated by org.testng.reporters.JUnitXMLReporter -->
<testsuite ignored="0" hostname="DESKTOP-LN74GU8" failures="1" tests="1" name="Test" time="26.039" errors="0" timestamp="2022-01-22T16:05:37 IST">
  <testcase classname="practice.SampleListener" name="contest" time="9.733">
    <failure type="java.lang.AssertionError" message="expected [B] but found [A]">
      <![CDATA[java.lang.AssertionError: expected [B] but found [A]
at practice.SampleListener.contest(SampleListener.java:18)
at java.base/java.util.ArrayList.forEach(ArrayList.java:1511)
... Removed 33 stack frames]]>
    </failure>
  </testcase> <!-- contest -->
</testsuite> <!-- Test -->
