<?xml version="1.0" encoding="UTF-8"?>
<!-- Generated by org.testng.reporters.JUnitXMLReporter -->
<testsuite ignored="0" hostname="DESKTOP-LN74GU8" failures="0" tests="2" name="TestRunner-firefox" time="90.55" errors="0" timestamp="2022-01-22T08:35:29 IST">
  <testcase classname="com.vtiger.comcast.contactstest.ContactTest" name="creatContactTest" time="18.022"/>
  <testcase classname="com.vtiger.comcast.contactstest.ContactTest" name="creatContactWithOrgTest" time="42.432"/>
</testsuite> <!-- TestRunner-firefox -->
