<?xml version="1.0" encoding="UTF-8"?>
<!-- Generated by org.testng.reporters.JUnitXMLReporter -->
<testsuite ignored="0" hostname="DESKTOP-LN74GU8" failures="0" tests="2" name="TestRunner-chrome" time="94.835" errors="0" timestamp="2022-01-22T08:35:33 IST">
  <testcase classname="com.vtiger.comcast.contactstest.ContactTest" name="creatContactTest" time="24.755"/>
  <testcase classname="com.vtiger.comcast.contactstest.ContactTest" name="creatContactWithOrgTest" time="41.638"/>
</testsuite> <!-- TestRunner-chrome -->
