<?xml version="1.0" encoding="UTF-8"?>
<!-- Generated by org.testng.reporters.JUnitXMLReporter -->
<testsuite ignored="0" hostname="DESKTOP-LN74GU8" failures="0" tests="2" name="TestRunner-2" time="130.568" errors="0" timestamp="2022-01-21T15:56:10 IST">
  <testcase classname="com.vtiger.comcast.contactstest.ContactTest" name="creatContactTest" time="38.125"/>
  <testcase classname="com.vtiger.comcast.contactstest.ContactTest" name="creatContactWithOrgTest" time="39.308"/>
</testsuite> <!-- TestRunner-2 -->
