<?xml version="1.0" encoding="UTF-8"?>
<!-- Generated by org.testng.reporters.JUnitXMLReporter -->
<testsuite ignored="2" hostname="DESKTOP-LN74GU8" failures="1" tests="4" name="test_runner1" time="157.596" errors="0" timestamp="2022-01-22T14:13:36 IST">
  <testcase classname="com.vtiger.comcast.organizationtest.OrganizationTest" name="CreatOrgWithIndustryTest" time="25.709">
    <failure type="java.lang.AssertionError" message="expected [Education] but found [  Abhishek118]">
      <![CDATA[java.lang.AssertionError: expected [Education] but found [  Abhishek118]
at com.vtiger.comcast.organizationtest.OrganizationTest.CreatOrgWithIndustryTest(OrganizationTest.java:71)
at java.base/java.util.ArrayList.forEach(ArrayList.java:1511)
... Removed 33 stack frames]]>
    </failure>
  </testcase> <!-- CreatOrgWithIndustryTest -->
  <testcase classname="com.vtiger.comcast.organizationtest.OrganizationTest" name="CreateOrganizationTest" time="19.746"/>
  <testcase classname="com.vtiger.comcast.contactstest.ContactTest" name="creatContactTest" time="23.806"/>
  <testcase classname="com.vtiger.comcast.contactstest.ContactTest" name="creatContactWithOrgTest" time="42.15"/>
  <testcase classname="com.vtiger.comcast.genericLibrary.BaseAnnotationClass" name="@AfterSuite configAS" time="0.0">
    <ignored/>
  </testcase> <!-- @AfterSuite configAS -->
  <testcase classname="com.vtiger.comcast.genericLibrary.BaseAnnotationClass" name="@BeforeSuite configBS" time="0.0">
    <ignored/>
  </testcase> <!-- @BeforeSuite configBS -->
</testsuite> <!-- test_runner1 -->
