<?xml version="1.0" encoding="UTF-8"?>
<!-- Generated by org.testng.reporters.JUnitXMLReporter -->
<testsuite ignored="4" hostname="DESKTOP-LN74GU8" failures="0" tests="1" name="Default test" time="45.417" errors="0" timestamp="2022-03-10T11:25:18 IST">
  <testcase classname="com.vtiger.comcast.organizationtest.OrganizationTest" name="CreateOrganizationTest" time="33.603"/>
  <testcase classname="com.vtiger.comcast.organizationtest.OrganizationTest" name="cretaeOrgWithMemberAndClearMemberOfFieldTest" time="0.0">
    <ignored/>
  </testcase> <!-- cretaeOrgWithMemberAndClearMemberOfFieldTest -->
  <testcase classname="com.vtiger.comcast.organizationtest.OrganizationTest" name="createOrgWithMemberTest" time="0.0">
    <ignored/>
  </testcase> <!-- createOrgWithMemberTest -->
  <testcase classname="com.vtiger.comcast.organizationtest.OrganizationTest" name="CreatOrgWithIndustryTest" time="0.0">
    <ignored/>
  </testcase> <!-- CreatOrgWithIndustryTest -->
  <testcase classname="com.vtiger.comcast.organizationtest.OrganizationTest" name="createOrgWithTypeTest" time="0.0">
    <ignored/>
  </testcase> <!-- createOrgWithTypeTest -->
</testsuite> <!-- Default test -->
