<?xml version="1.0" encoding="UTF-8"?>
<!-- Generated by org.testng.reporters.JUnitXMLReporter -->
<testsuite ignored="0" hostname="DESKTOP-LN74GU8" failures="0" tests="2" name="Default test" time="70.993" errors="0" timestamp="2022-01-24T18:22:06 IST">
  <testcase classname="com.vtiger.comcast.contactstest.ContactTest" name="creatContactTest" time="18.325"/>
  <testcase classname="com.vtiger.comcast.contactstest.ContactTest" name="creatContactWithOrgTest" time="32.8"/>
</testsuite> <!-- Default test -->
